<?xml version="1.0" encoding="UTF-8"?>
<!-- Generated by org.testng.reporters.JUnitReportReporter -->
<testsuite skipped="0" hostname="LAPTOP-I3V0BKGE" name="googleplacesearch.Basic" tests="1" failures="0" timestamp="19 Dec 2019 13:46:46 GMT" time="3.538" errors="0">
  <testcase name="GetCallExample" time="3.538" classname="googleplacesearch.Basic"/>
</testsuite> <!-- googleplacesearch.Basic -->
