<?xml version="1.0" encoding="UTF-8"?>
<!-- Generated by org.testng.reporters.JUnitReportReporter -->
<testsuite skipped="0" hostname="LAPTOP-I3V0BKGE" name="googleplacesearch.PostRequest" tests="1" failures="0" timestamp="20 Dec 2019 07:38:48 GMT" time="2.964" errors="0">
  <testcase name="postCallExample" time="2.964" classname="googleplacesearch.PostRequest"/>
</testsuite> <!-- googleplacesearch.PostRequest -->
