<?xml version="1.0" encoding="UTF-8"?>
<!-- Generated by org.testng.reporters.JUnitReportReporter -->
<testsuite skipped="0" hostname="LAPTOP-I3V0BKGE" name="googleplacesearch.AddAndDeletePlace" tests="1" failures="0" timestamp="20 Dec 2019 10:34:02 GMT" time="4.163" errors="0">
  <testcase name="addAndDeletePlace" time="4.163" classname="googleplacesearch.AddAndDeletePlace"/>
</testsuite> <!-- googleplacesearch.AddAndDeletePlace -->
